#! /opt/homebrew/Cellar/icarus-verilog/12.0/bin/vvp
:ivl_version "12.0 (stable)";
:ivl_delay_selection "TYPICAL";
:vpi_time_precision - 10;
:vpi_module "/opt/homebrew/Cellar/icarus-verilog/12.0/lib/ivl/system.vpi";
:vpi_module "/opt/homebrew/Cellar/icarus-verilog/12.0/lib/ivl/vhdl_sys.vpi";
:vpi_module "/opt/homebrew/Cellar/icarus-verilog/12.0/lib/ivl/vhdl_textio.vpi";
:vpi_module "/opt/homebrew/Cellar/icarus-verilog/12.0/lib/ivl/v2005_math.vpi";
:vpi_module "/opt/homebrew/Cellar/icarus-verilog/12.0/lib/ivl/va_math.vpi";
:vpi_module "/opt/homebrew/Cellar/icarus-verilog/12.0/lib/ivl/v2009.vpi";
S_0x10095b500 .scope package, "$unit" "$unit" 2 1;
 .timescale 0 0;
S_0x10095b680 .scope module, "test_store" "test_store" 3 3;
 .timescale -9 -10;
P_0x8e1000800 .param/l "BITS" 0 3 3, +C4<00000000000000000000000000100000>;
v0x100960ac0_0 .var "clk", 0 0;
v0x100960b60_0 .var/i "i", 31 0;
v0x100960c00_0 .var "ie", 0 0;
v0x100960ca0_0 .var "inp", 31 0;
v0x8e0c18000_0 .net "oe", 0 0, v0x1009608e0_0;  1 drivers
v0x8e0c180a0_0 .net "out", 31 0, v0x100960980_0;  1 drivers
E_0x8e1064240 .event anyedge, v0x1009608e0_0;
S_0x1009585f0 .scope module, "m" "Store" 3 11, 4 1 0, S_0x10095b680;
 .timescale 0 0;
    .port_info 0 /INPUT 1 "CLK";
    .port_info 1 /INPUT 32 "INP";
    .port_info 2 /OUTPUT 32 "OUT";
    .port_info 3 /INPUT 1 "IE";
    .port_info 4 /OUTPUT 1 "OE";
    .port_info 5 /INPUT 1 "INIT";
P_0x10095b800 .param/l "BITS" 0 4 1, +C4<00000000000000000000000000100000>;
P_0x10095b840 .param/l "FIRST" 0 4 1, +C4<00000000000000000000000000000000>;
v0x100958770_0 .net "CLK", 0 0, v0x100960ac0_0;  1 drivers
v0x100958810_0 .net "IE", 0 0, v0x100960c00_0;  1 drivers
L_0x8e1454010 .functor BUFT 1, C4<0>, C4<0>, C4<0>, C4<0>;
v0x1009607a0_0 .net "INIT", 0 0, L_0x8e1454010;  1 drivers
v0x100960840_0 .net "INP", 31 0, v0x100960ca0_0;  1 drivers
v0x1009608e0_0 .var "OE", 0 0;
v0x100960980_0 .var "OUT", 31 0;
v0x100960a20_0 .var "ie", 0 0;
E_0x8e1064280 .event posedge, v0x100958770_0;
    .scope S_0x1009585f0;
T_0 ;
    %pushi/vec4 0, 0, 1;
    %assign/vec4 v0x1009608e0_0, 0;
    %pushi/vec4 0, 0, 1;
    %assign/vec4 v0x100960a20_0, 0;
    %end;
    .thread T_0;
    .scope S_0x1009585f0;
T_1 ;
    %wait E_0x8e1064280;
    %load/vec4 v0x100958810_0;
    %flag_set/vec4 9;
    %flag_get/vec4 9;
    %jmp/0 T_1.2, 9;
    %load/vec4 v0x100960a20_0;
    %nor/r;
    %and;
T_1.2;
    %flag_set/vec4 8;
    %jmp/0xz  T_1.0, 8;
    %load/vec4 v0x1009607a0_0;
    %flag_set/vec4 8;
    %jmp/0 T_1.3, 8;
    %pushi/vec4 0, 0, 32;
    %jmp/1 T_1.4, 8;
T_1.3 ; End of true expr.
    %load/vec4 v0x100960840_0;
    %jmp/0 T_1.4, 8;
 ; End of false expr.
    %blend;
T_1.4;
    %assign/vec4 v0x100960980_0, 0;
    %pushi/vec4 1, 0, 1;
    %assign/vec4 v0x1009608e0_0, 0;
    %pushi/vec4 1, 0, 1;
    %assign/vec4 v0x100960a20_0, 0;
T_1.0 ;
    %load/vec4 v0x100958810_0;
    %nor/r;
    %flag_set/vec4 9;
    %flag_get/vec4 9;
    %jmp/0 T_1.7, 9;
    %load/vec4 v0x100960a20_0;
    %and;
T_1.7;
    %flag_set/vec4 8;
    %jmp/0xz  T_1.5, 8;
    %pushi/vec4 0, 0, 1;
    %assign/vec4 v0x1009608e0_0, 0;
    %pushi/vec4 0, 0, 1;
    %assign/vec4 v0x100960a20_0, 0;
T_1.5 ;
    %jmp T_1;
    .thread T_1;
    .scope S_0x10095b680;
T_2 ;
    %delay 75, 0;
    %load/vec4 v0x100960ac0_0;
    %inv;
    %store/vec4 v0x100960ac0_0, 0, 1;
    %jmp T_2;
    .thread T_2;
    .scope S_0x10095b680;
T_3 ;
    %pushi/vec4 0, 0, 1;
    %store/vec4 v0x100960ac0_0, 0, 1;
    %pushi/vec4 0, 0, 1;
    %store/vec4 v0x100960c00_0, 0, 1;
    %pushi/vec4 0, 0, 32;
    %store/vec4 v0x100960b60_0, 0, 32;
T_3.0 ;
    %load/vec4 v0x100960b60_0;
    %cmpi/s 6, 0, 32;
    %flag_or 5, 4;
    %jmp/0xz T_3.1, 5;
    %load/vec4 v0x100960b60_0;
    %store/vec4 v0x100960ca0_0, 0, 32;
    %delay 300, 0;
    %pushi/vec4 1, 0, 1;
    %store/vec4 v0x100960c00_0, 0, 1;
    %delay 300, 0;
    %pushi/vec4 0, 0, 1;
    %store/vec4 v0x100960c00_0, 0, 1;
T_3.2 ;
    %load/vec4 v0x8e0c18000_0;
    %cmpi/ne 1, 0, 1;
    %jmp/0xz T_3.3, 6;
    %wait E_0x8e1064240;
    %jmp T_3.2;
T_3.3 ;
    %vpi_call/w 3 32 "$display", "store(%1d)=%1d", v0x100960ca0_0, v0x8e0c180a0_0 {0 0 0};
T_3.4 ;
    %load/vec4 v0x8e0c18000_0;
    %nor/r;
    %cmpi/ne 1, 0, 1;
    %jmp/0xz T_3.5, 6;
    %wait E_0x8e1064240;
    %jmp T_3.4;
T_3.5 ;
    ; show_stmt_assign_vector: Get l-value for compressed += operand
    %load/vec4 v0x100960b60_0;
    %pushi/vec4 1, 0, 32;
    %add;
    %store/vec4 v0x100960b60_0, 0, 32;
    %jmp T_3.0;
T_3.1 ;
    %vpi_call/w 3 36 "$stop" {0 0 0};
    %end;
    .thread T_3;
# The file index is used to find the file name in the following table.
:file_names 5;
    "N/A";
    "<interactive>";
    "-";
    "test.v";
    "Sto.v";
